

Microchip MPLAB XC8 Assembler V2.31 build 20201012212115 
                                                                                               Wed Jul 21 09:43:00 2021

Microchip MPLAB XC8 C Compiler v2.31 (Free license) build 20201012212115 Og1 
     1                           	processor	16F887
     2                           	pagewidth 120
     3                           	opt	flic
     4                           	psect	cinit,global,class=CODE,merge=1,delta=2
     5                           	psect	bssCOMMON,global,class=COMMON,space=1,delta=1,noexec
     6                           	psect	bssBANK0,global,class=BANK0,space=1,delta=1,noexec
     7                           	psect	cstackCOMMON,global,class=COMMON,space=1,delta=1,noexec
     8                           	psect	cstackBANK0,global,class=BANK0,space=1,delta=1,noexec
     9                           	psect	maintext,global,class=CODE,split=1,delta=2
    10                           	psect	text1,local,class=CODE,merge=1,delta=2
    11                           	psect	text2,local,class=CODE,merge=1,delta=2
    12                           	psect	intentry,global,class=CODE,delta=2
    13                           	psect	text3,local,class=CODE,merge=1,delta=2
    14                           	psect	text4,local,class=CODE,merge=1,delta=2
    15                           	psect	config,global,abs,ovrld,class=CONFIG,space=4,delta=2,noexec
    16                           	dabs	1,0x7E,2
    17  0000                     
    18                           ; Version 2.20
    19                           ; Generated 12/02/2020 GMT
    20                           ; 
    21                           ; Copyright © 2020, Microchip Technology Inc. and its subsidiaries ("Microchip")
    22                           ; All rights reserved.
    23                           ; 
    24                           ; This software is developed by Microchip Technology Inc. and its subsidiaries ("Microch
      +                          ip").
    25                           ; 
    26                           ; Redistribution and use in source and binary forms, with or without modification, are
    27                           ; permitted provided that the following conditions are met:
    28                           ; 
    29                           ;     1. Redistributions of source code must retain the above copyright notice, this lis
      +                          t of
    30                           ;        conditions and the following disclaimer.
    31                           ; 
    32                           ;     2. Redistributions in binary form must reproduce the above copyright notice, this 
      +                          list
    33                           ;        of conditions and the following disclaimer in the documentation and/or other
    34                           ;        materials provided with the distribution.
    35                           ; 
    36                           ;     3. Microchip's name may not be used to endorse or promote products derived from th
      +                          is
    37                           ;        software without specific prior written permission.
    38                           ; 
    39                           ; THIS SOFTWARE IS PROVIDED BY MICROCHIP "AS IS" AND ANY EXPRESS OR IMPLIED WARRANTIES,
    40                           ; INCLUDING, BUT NOT LIMITED TO, THE IMPLIED WARRANTIES OF MERCHANTABILITY AND FITNESS F
      +                          OR
    41                           ; PURPOSE ARE DISCLAIMED.  IN NO EVENT SHALL MICROCHIP BE LIABLE FOR ANY DIRECT, INDIREC
      +                          T,
    42                           ; INCIDENTAL, SPECIAL, EXEMPLARY, OR CONSEQUENTIAL DAMAGES (INCLUDING BUT NOT LIMITED TO
    43                           ; PROCUREMENT OF SUBSTITUTE GOODS OR SERVICES; LOSS OF USE, DATA OR PROFITS; OR BUSINESS
    44                           ; INTERRUPTION) HOWSOEVER CAUSED AND ON ANY THEORY OF LIABILITY, WHETHER IN CONTRACT, ST
      +                          RICT
    45                           ; LIABILITY, OR TORT (INCLUDING NEGLIGENCE OR OTHERWISE) ARISING IN ANY WAY OUT OF THE U
      +                          SE OF
    46                           ; THIS SOFTWARE, EVEN IF ADVISED OF THE POSSIBILITY OF SUCH DAMAGE.
    47                           ; 
    48                           ; 
    49                           ; Code-generator required, PIC16F887 Definitions
    50                           ; 
    51                           ; SFR Addresses
    52  0000                     	;# 
    53  0001                     	;# 
    54  0002                     	;# 
    55  0003                     	;# 
    56  0004                     	;# 
    57  0005                     	;# 
    58  0006                     	;# 
    59  0007                     	;# 
    60  0008                     	;# 
    61  0009                     	;# 
    62  000A                     	;# 
    63  000B                     	;# 
    64  000C                     	;# 
    65  000D                     	;# 
    66  000E                     	;# 
    67  000E                     	;# 
    68  000F                     	;# 
    69  0010                     	;# 
    70  0011                     	;# 
    71  0012                     	;# 
    72  0013                     	;# 
    73  0014                     	;# 
    74  0015                     	;# 
    75  0015                     	;# 
    76  0016                     	;# 
    77  0017                     	;# 
    78  0018                     	;# 
    79  0019                     	;# 
    80  001A                     	;# 
    81  001B                     	;# 
    82  001B                     	;# 
    83  001C                     	;# 
    84  001D                     	;# 
    85  001E                     	;# 
    86  001F                     	;# 
    87  0081                     	;# 
    88  0085                     	;# 
    89  0086                     	;# 
    90  0087                     	;# 
    91  0088                     	;# 
    92  0089                     	;# 
    93  008C                     	;# 
    94  008D                     	;# 
    95  008E                     	;# 
    96  008F                     	;# 
    97  0090                     	;# 
    98  0091                     	;# 
    99  0092                     	;# 
   100  0093                     	;# 
   101  0093                     	;# 
   102  0093                     	;# 
   103  0094                     	;# 
   104  0095                     	;# 
   105  0096                     	;# 
   106  0097                     	;# 
   107  0098                     	;# 
   108  0099                     	;# 
   109  009A                     	;# 
   110  009B                     	;# 
   111  009C                     	;# 
   112  009D                     	;# 
   113  009E                     	;# 
   114  009F                     	;# 
   115  0105                     	;# 
   116  0107                     	;# 
   117  0108                     	;# 
   118  0109                     	;# 
   119  010C                     	;# 
   120  010C                     	;# 
   121  010D                     	;# 
   122  010E                     	;# 
   123  010F                     	;# 
   124  0185                     	;# 
   125  0187                     	;# 
   126  0188                     	;# 
   127  0189                     	;# 
   128  018C                     	;# 
   129  018D                     	;# 
   130  0000                     	;# 
   131  0001                     	;# 
   132  0002                     	;# 
   133  0003                     	;# 
   134  0004                     	;# 
   135  0005                     	;# 
   136  0006                     	;# 
   137  0007                     	;# 
   138  0008                     	;# 
   139  0009                     	;# 
   140  000A                     	;# 
   141  000B                     	;# 
   142  000C                     	;# 
   143  000D                     	;# 
   144  000E                     	;# 
   145  000E                     	;# 
   146  000F                     	;# 
   147  0010                     	;# 
   148  0011                     	;# 
   149  0012                     	;# 
   150  0013                     	;# 
   151  0014                     	;# 
   152  0015                     	;# 
   153  0015                     	;# 
   154  0016                     	;# 
   155  0017                     	;# 
   156  0018                     	;# 
   157  0019                     	;# 
   158  001A                     	;# 
   159  001B                     	;# 
   160  001B                     	;# 
   161  001C                     	;# 
   162  001D                     	;# 
   163  001E                     	;# 
   164  001F                     	;# 
   165  0081                     	;# 
   166  0085                     	;# 
   167  0086                     	;# 
   168  0087                     	;# 
   169  0088                     	;# 
   170  0089                     	;# 
   171  008C                     	;# 
   172  008D                     	;# 
   173  008E                     	;# 
   174  008F                     	;# 
   175  0090                     	;# 
   176  0091                     	;# 
   177  0092                     	;# 
   178  0093                     	;# 
   179  0093                     	;# 
   180  0093                     	;# 
   181  0094                     	;# 
   182  0095                     	;# 
   183  0096                     	;# 
   184  0097                     	;# 
   185  0098                     	;# 
   186  0099                     	;# 
   187  009A                     	;# 
   188  009B                     	;# 
   189  009C                     	;# 
   190  009D                     	;# 
   191  009E                     	;# 
   192  009F                     	;# 
   193  0105                     	;# 
   194  0107                     	;# 
   195  0108                     	;# 
   196  0109                     	;# 
   197  010C                     	;# 
   198  010C                     	;# 
   199  010D                     	;# 
   200  010E                     	;# 
   201  010F                     	;# 
   202  0185                     	;# 
   203  0187                     	;# 
   204  0188                     	;# 
   205  0189                     	;# 
   206  018C                     	;# 
   207  018D                     	;# 
   208  0000                     	;# 
   209  0001                     	;# 
   210  0002                     	;# 
   211  0003                     	;# 
   212  0004                     	;# 
   213  0005                     	;# 
   214  0006                     	;# 
   215  0007                     	;# 
   216  0008                     	;# 
   217  0009                     	;# 
   218  000A                     	;# 
   219  000B                     	;# 
   220  000C                     	;# 
   221  000D                     	;# 
   222  000E                     	;# 
   223  000E                     	;# 
   224  000F                     	;# 
   225  0010                     	;# 
   226  0011                     	;# 
   227  0012                     	;# 
   228  0013                     	;# 
   229  0014                     	;# 
   230  0015                     	;# 
   231  0015                     	;# 
   232  0016                     	;# 
   233  0017                     	;# 
   234  0018                     	;# 
   235  0019                     	;# 
   236  001A                     	;# 
   237  001B                     	;# 
   238  001B                     	;# 
   239  001C                     	;# 
   240  001D                     	;# 
   241  001E                     	;# 
   242  001F                     	;# 
   243  0081                     	;# 
   244  0085                     	;# 
   245  0086                     	;# 
   246  0087                     	;# 
   247  0088                     	;# 
   248  0089                     	;# 
   249  008C                     	;# 
   250  008D                     	;# 
   251  008E                     	;# 
   252  008F                     	;# 
   253  0090                     	;# 
   254  0091                     	;# 
   255  0092                     	;# 
   256  0093                     	;# 
   257  0093                     	;# 
   258  0093                     	;# 
   259  0094                     	;# 
   260  0095                     	;# 
   261  0096                     	;# 
   262  0097                     	;# 
   263  0098                     	;# 
   264  0099                     	;# 
   265  009A                     	;# 
   266  009B                     	;# 
   267  009C                     	;# 
   268  009D                     	;# 
   269  009E                     	;# 
   270  009F                     	;# 
   271  0105                     	;# 
   272  0107                     	;# 
   273  0108                     	;# 
   274  0109                     	;# 
   275  010C                     	;# 
   276  010C                     	;# 
   277  010D                     	;# 
   278  010E                     	;# 
   279  010F                     	;# 
   280  0185                     	;# 
   281  0187                     	;# 
   282  0188                     	;# 
   283  0189                     	;# 
   284  018C                     	;# 
   285  018D                     	;# 
   286  0000                     	;# 
   287  0001                     	;# 
   288  0002                     	;# 
   289  0003                     	;# 
   290  0004                     	;# 
   291  0005                     	;# 
   292  0006                     	;# 
   293  0007                     	;# 
   294  0008                     	;# 
   295  0009                     	;# 
   296  000A                     	;# 
   297  000B                     	;# 
   298  000C                     	;# 
   299  000D                     	;# 
   300  000E                     	;# 
   301  000E                     	;# 
   302  000F                     	;# 
   303  0010                     	;# 
   304  0011                     	;# 
   305  0012                     	;# 
   306  0013                     	;# 
   307  0014                     	;# 
   308  0015                     	;# 
   309  0015                     	;# 
   310  0016                     	;# 
   311  0017                     	;# 
   312  0018                     	;# 
   313  0019                     	;# 
   314  001A                     	;# 
   315  001B                     	;# 
   316  001B                     	;# 
   317  001C                     	;# 
   318  001D                     	;# 
   319  001E                     	;# 
   320  001F                     	;# 
   321  0081                     	;# 
   322  0085                     	;# 
   323  0086                     	;# 
   324  0087                     	;# 
   325  0088                     	;# 
   326  0089                     	;# 
   327  008C                     	;# 
   328  008D                     	;# 
   329  008E                     	;# 
   330  008F                     	;# 
   331  0090                     	;# 
   332  0091                     	;# 
   333  0092                     	;# 
   334  0093                     	;# 
   335  0093                     	;# 
   336  0093                     	;# 
   337  0094                     	;# 
   338  0095                     	;# 
   339  0096                     	;# 
   340  0097                     	;# 
   341  0098                     	;# 
   342  0099                     	;# 
   343  009A                     	;# 
   344  009B                     	;# 
   345  009C                     	;# 
   346  009D                     	;# 
   347  009E                     	;# 
   348  009F                     	;# 
   349  0105                     	;# 
   350  0107                     	;# 
   351  0108                     	;# 
   352  0109                     	;# 
   353  010C                     	;# 
   354  010C                     	;# 
   355  010D                     	;# 
   356  010E                     	;# 
   357  010F                     	;# 
   358  0185                     	;# 
   359  0187                     	;# 
   360  0188                     	;# 
   361  0189                     	;# 
   362  018C                     	;# 
   363  018D                     	;# 
   364  0000                     	;# 
   365  0001                     	;# 
   366  0002                     	;# 
   367  0003                     	;# 
   368  0004                     	;# 
   369  0005                     	;# 
   370  0006                     	;# 
   371  0007                     	;# 
   372  0008                     	;# 
   373  0009                     	;# 
   374  000A                     	;# 
   375  000B                     	;# 
   376  000C                     	;# 
   377  000D                     	;# 
   378  000E                     	;# 
   379  000E                     	;# 
   380  000F                     	;# 
   381  0010                     	;# 
   382  0011                     	;# 
   383  0012                     	;# 
   384  0013                     	;# 
   385  0014                     	;# 
   386  0015                     	;# 
   387  0015                     	;# 
   388  0016                     	;# 
   389  0017                     	;# 
   390  0018                     	;# 
   391  0019                     	;# 
   392  001A                     	;# 
   393  001B                     	;# 
   394  001B                     	;# 
   395  001C                     	;# 
   396  001D                     	;# 
   397  001E                     	;# 
   398  001F                     	;# 
   399  0081                     	;# 
   400  0085                     	;# 
   401  0086                     	;# 
   402  0087                     	;# 
   403  0088                     	;# 
   404  0089                     	;# 
   405  008C                     	;# 
   406  008D                     	;# 
   407  008E                     	;# 
   408  008F                     	;# 
   409  0090                     	;# 
   410  0091                     	;# 
   411  0092                     	;# 
   412  0093                     	;# 
   413  0093                     	;# 
   414  0093                     	;# 
   415  0094                     	;# 
   416  0095                     	;# 
   417  0096                     	;# 
   418  0097                     	;# 
   419  0098                     	;# 
   420  0099                     	;# 
   421  009A                     	;# 
   422  009B                     	;# 
   423  009C                     	;# 
   424  009D                     	;# 
   425  009E                     	;# 
   426  009F                     	;# 
   427  0105                     	;# 
   428  0107                     	;# 
   429  0108                     	;# 
   430  0109                     	;# 
   431  010C                     	;# 
   432  010C                     	;# 
   433  010D                     	;# 
   434  010E                     	;# 
   435  010F                     	;# 
   436  0185                     	;# 
   437  0187                     	;# 
   438  0188                     	;# 
   439  0189                     	;# 
   440  018C                     	;# 
   441  018D                     	;# 
   442  001E                     _ADRESH	set	30
   443  0009                     _PORTE	set	9
   444  0006                     _PORTB	set	6
   445  0005                     _PORTA	set	5
   446  0008                     _PORTD	set	8
   447  0009                     _PORTEbits	set	9
   448  0006                     _PORTBbits	set	6
   449  001F                     _ADCON0bits	set	31
   450  000C                     _PIR1bits	set	12
   451  0007                     _PORTC	set	7
   452  0005                     _PORTAbits	set	5
   453  000B                     _INTCONbits	set	11
   454  0001                     _TMR0	set	1
   455  0058                     _RBIF	set	88
   456  0066                     _ADIF	set	102
   457  005A                     _T0IF	set	90
   458  008F                     _OSCCONbits	set	143
   459  0096                     _IOCBbits	set	150
   460  009F                     _ADCON1bits	set	159
   461  0095                     _WPUBbits	set	149
   462  0081                     _OPTION_REGbits	set	129
   463  0089                     _TRISE	set	137
   464  0088                     _TRISD	set	136
   465  0087                     _TRISC	set	135
   466  0086                     _TRISB	set	134
   467  0085                     _TRISA	set	133
   468  0189                     _ANSELHbits	set	393
   469  0189                     _ANSELH	set	393
   470  0188                     _ANSEL	set	392
   471                           
   472                           	psect	cinit
   473  0011                     start_initialization:	
   474                           ; #config settings
   475                           
   476  0011                     __initialization:
   477                           
   478                           ; Clear objects allocated to COMMON
   479  0011  01F8               	clrf	__pbssCOMMON& (0+127)
   480  0012  01F9               	clrf	(__pbssCOMMON+1)& (0+127)
   481  0013  01FA               	clrf	(__pbssCOMMON+2)& (0+127)
   482  0014  01FB               	clrf	(__pbssCOMMON+3)& (0+127)
   483  0015  01FC               	clrf	(__pbssCOMMON+4)& (0+127)
   484  0016  01FD               	clrf	(__pbssCOMMON+5)& (0+127)
   485                           
   486                           ; Clear objects allocated to BANK0
   487  0017  1283               	bcf	3,5	;RP0=0, select bank0
   488  0018  1303               	bcf	3,6	;RP1=0, select bank0
   489  0019  01A5               	clrf	__pbssBANK0& (0+127)
   490  001A                     end_of_initialization:	
   491                           ;End of C runtime variable initialization code
   492                           
   493  001A                     __end_of__initialization:
   494  001A  0183               	clrf	3
   495  001B  120A  118A  2890   	ljmp	_main	;jump to C main() function
   496                           
   497                           	psect	bssCOMMON
   498  0078                     __pbssCOMMON:
   499  0078                     _RB0_old:
   500  0078                     	ds	1
   501  0079                     _Valor_ADCn1:
   502  0079                     	ds	1
   503  007A                     _Valor_ADCn0:
   504  007A                     	ds	1
   505  007B                     _Valor_ADC_n1:
   506  007B                     	ds	1
   507  007C                     _Valor_ADC:
   508  007C                     	ds	1
   509  007D                     _Display_No:
   510  007D                     	ds	1
   511                           
   512                           	psect	bssBANK0
   513  0025                     __pbssBANK0:
   514  0025                     _RB1_old:
   515  0025                     	ds	1
   516                           
   517                           	psect	cstackCOMMON
   518  0070                     __pcstackCOMMON:
   519  0070                     ?_Tabla7Seg:
   520  0070                     ??_Tabla7Seg:	
   521                           ; 1 bytes @ 0x0
   522                           
   523  0070                     ?_ADCVal:	
   524                           ; 1 bytes @ 0x0
   525                           
   526  0070                     ??_ADCVal:	
   527                           ; 1 bytes @ 0x0
   528                           
   529  0070                     ?_Osc_Config:	
   530                           ; 1 bytes @ 0x0
   531                           
   532  0070                     ?_isr:	
   533                           ; 1 bytes @ 0x0
   534                           
   535  0070                     ?_main:	
   536                           ; 1 bytes @ 0x0
   537                           
   538                           
   539                           ; 1 bytes @ 0x0
   540  0070                     	ds	1
   541  0071                     ADCVal@canal:
   542                           
   543                           ; 1 bytes @ 0x1
   544  0071                     	ds	1
   545  0072                     Tabla7Seg@numero:
   546                           
   547                           ; 1 bytes @ 0x2
   548  0072                     	ds	1
   549  0073                     ??_isr:
   550                           
   551                           ; 1 bytes @ 0x3
   552  0073                     	ds	5
   553                           
   554                           	psect	cstackBANK0
   555  0020                     __pcstackBANK0:
   556  0020                     ??_Osc_Config:
   557                           
   558                           ; 1 bytes @ 0x0
   559  0020                     	ds	2
   560  0022                     Osc_Config@frec:
   561                           
   562                           ; 1 bytes @ 0x2
   563  0022                     	ds	1
   564  0023                     ??_main:
   565                           
   566                           ; 1 bytes @ 0x3
   567  0023                     	ds	2
   568                           
   569                           	psect	maintext
   570  0090                     __pmaintext:	
   571 ;;
   572 ;;Main: autosize = 0, tempsize = 2, incstack = 0, save=0
   573 ;;
   574 ;; *************** function _main *****************
   575 ;; Defined at:
   576 ;;		line 103 in file "Lab1.c"
   577 ;; Parameters:    Size  Location     Type
   578 ;;		None
   579 ;; Auto vars:     Size  Location     Type
   580 ;;		None
   581 ;; Return value:  Size  Location     Type
   582 ;;                  1    wreg      void 
   583 ;; Registers used:
   584 ;;		wreg, fsr0l, fsr0h, status,2, status,0, pclath, cstack
   585 ;; Tracked objects:
   586 ;;		On entry : B00/0
   587 ;;		On exit  : 0/0
   588 ;;		Unchanged: 0/0
   589 ;; Data sizes:     COMMON   BANK0   BANK1   BANK3   BANK2
   590 ;;      Params:         0       0       0       0       0
   591 ;;      Locals:         0       0       0       0       0
   592 ;;      Temps:          0       2       0       0       0
   593 ;;      Totals:         0       2       0       0       0
   594 ;;Total ram usage:        2 bytes
   595 ;; Hardware stack levels required when called:    3
   596 ;; This function calls:
   597 ;;		_Osc_Config
   598 ;; This function is called by:
   599 ;;		Startup code after reset
   600 ;; This function uses a non-reentrant model
   601 ;;
   602                           
   603                           
   604                           ;psect for function _main
   605  0090                     _main:
   606  0090                     l1062:	
   607                           ;incstack = 0
   608                           ; Regs used in _main: [wreg-fsr0h+status,2+status,0+pclath+cstack]
   609                           
   610                           
   611                           ;Lab1.c: 106:     TMR0 = 100;
   612  0090  3001               	movlw	1
   613  0091  120A  118A  2158  120A  118A  	fcall	_Osc_Config
   614  0096                     l1064:
   615                           
   616                           ;Lab1.c: 108: 
   617  0096  3001               	movlw	1
   618  0097  1683               	bsf	3,5	;RP0=1, select bank3
   619  0098  1703               	bsf	3,6	;RP1=1, select bank3
   620  0099  0088               	movwf	8	;volatile
   621  009A                     l1066:
   622                           
   623                           ;Lab1.c: 109:     INTCONbits.GIE = 1;
   624  009A  0189               	clrf	9	;volatile
   625  009B                     l1068:
   626                           
   627                           ;Lab1.c: 110:     INTCONbits.T0IE = 1;
   628  009B  1409               	bsf	9,0	;volatile
   629  009C                     l1070:
   630                           
   631                           ;Lab1.c: 111:     INTCONbits.PEIE = 1;
   632  009C  1683               	bsf	3,5	;RP0=1, select bank1
   633  009D  1303               	bcf	3,6	;RP1=0, select bank1
   634  009E  0185               	clrf	5	;volatile
   635  009F                     l1072:
   636                           
   637                           ;Lab1.c: 112: 
   638  009F  3007               	movlw	7
   639  00A0  0086               	movwf	6	;volatile
   640  00A1                     l1074:
   641                           
   642                           ;Lab1.c: 113:     INTCONbits.RBIE = 1;
   643  00A1  0187               	clrf	7	;volatile
   644  00A2                     l1076:
   645                           
   646                           ;Lab1.c: 114: 
   647  00A2  0188               	clrf	8	;volatile
   648  00A3                     l1078:
   649                           
   650                           ;Lab1.c: 115:     IOCBbits.IOCB0 = 1;
   651  00A3  0189               	clrf	9	;volatile
   652  00A4                     l1080:
   653                           
   654                           ;Lab1.c: 116:     IOCBbits.IOCB1 = 1;
   655  00A4  1283               	bcf	3,5	;RP0=0, select bank0
   656  00A5  1303               	bcf	3,6	;RP1=0, select bank0
   657  00A6  0185               	clrf	5	;volatile
   658  00A7                     l1082:
   659                           
   660                           ;Lab1.c: 117:     Display_No = 0;
   661  00A7  0186               	clrf	6	;volatile
   662  00A8                     l1084:
   663                           
   664                           ;Lab1.c: 118:     while (1)
   665  00A8  0187               	clrf	7	;volatile
   666  00A9                     l1086:
   667                           
   668                           ;Lab1.c: 119:     {
   669  00A9  0188               	clrf	8	;volatile
   670  00AA                     l1088:
   671                           
   672                           ;Lab1.c: 120:         Valor_ADC_n1 = Valor_ADC & 0xf0;
   673  00AA  0189               	clrf	9	;volatile
   674  00AB                     l1090:
   675                           
   676                           ;Lab1.c: 121:         Valor_ADCn0 = Valor_ADC & 0x0f;
   677  00AB  1683               	bsf	3,5	;RP0=1, select bank1
   678  00AC  1303               	bcf	3,6	;RP1=0, select bank1
   679  00AD  1381               	bcf	1,7	;volatile
   680  00AE                     l1092:
   681                           
   682                           ;Lab1.c: 122:         Valor_ADCn1 = Valor_ADC_n1 >> 4;
   683  00AE  1415               	bsf	21,0	;volatile
   684  00AF                     l1094:
   685                           
   686                           ;Lab1.c: 123: 
   687  00AF  1495               	bsf	21,1	;volatile
   688  00B0                     l1096:
   689                           
   690                           ;Lab1.c: 125:         {
   691  00B0  303F               	movlw	-193
   692  00B1  1283               	bcf	3,5	;RP0=0, select bank0
   693  00B2  1303               	bcf	3,6	;RP1=0, select bank0
   694  00B3  059F               	andwf	31,f	;volatile
   695  00B4                     l1098:
   696                           
   697                           ;Lab1.c: 126:             PORTAbits.RA3 = 1;
   698  00B4  111F               	bcf	31,2	;volatile
   699  00B5                     l1100:
   700                           
   701                           ;Lab1.c: 127:         }
   702  00B5  141F               	bsf	31,0	;volatile
   703  00B6                     l1102:
   704                           
   705                           ;Lab1.c: 128:         else
   706  00B6  3003               	movlw	3
   707  00B7  1283               	bcf	3,5	;RP0=0, select bank0
   708  00B8  1303               	bcf	3,6	;RP1=0, select bank0
   709  00B9  00A3               	movwf	??_main
   710  00BA                     u107:
   711  00BA  0BA3               	decfsz	??_main,f
   712  00BB  28BA               	goto	u107
   713  00BC                     l1104:
   714                           
   715                           ;Lab1.c: 129:         {
   716  00BC  1283               	bcf	3,5	;RP0=0, select bank0
   717  00BD  1303               	bcf	3,6	;RP1=0, select bank0
   718  00BE  149F               	bsf	31,1	;volatile
   719  00BF                     l1106:
   720                           
   721                           ;Lab1.c: 130:             PORTAbits.RA3 = 0;
   722  00BF  1683               	bsf	3,5	;RP0=1, select bank1
   723  00C0  1303               	bcf	3,6	;RP1=0, select bank1
   724  00C1  129F               	bcf	31,5	;volatile
   725  00C2                     l1108:
   726                           
   727                           ;Lab1.c: 131:         }
   728  00C2  121F               	bcf	31,4	;volatile
   729  00C3                     l1110:
   730                           
   731                           ;Lab1.c: 132:     }
   732  00C3  139F               	bcf	31,7	;volatile
   733  00C4                     l1112:
   734                           
   735                           ;Lab1.c: 134: }
   736  00C4  1281               	bcf	1,5	;volatile
   737  00C5                     l1114:
   738  00C5  1181               	bcf	1,3	;volatile
   739  00C6                     l1116:
   740  00C6  1101               	bcf	1,2	;volatile
   741  00C7                     l1118:
   742  00C7  1481               	bsf	1,1	;volatile
   743  00C8                     l1120:
   744  00C8  1401               	bsf	1,0	;volatile
   745  00C9                     l1122:
   746  00C9  3064               	movlw	100
   747  00CA  1283               	bcf	3,5	;RP0=0, select bank0
   748  00CB  1303               	bcf	3,6	;RP1=0, select bank0
   749  00CC  0081               	movwf	1	;volatile
   750  00CD                     l1124:
   751  00CD  110B               	bcf	11,2	;volatile
   752  00CE                     l1126:
   753  00CE  178B               	bsf	11,7	;volatile
   754  00CF                     l1128:
   755  00CF  168B               	bsf	11,5	;volatile
   756  00D0                     l1130:
   757  00D0  170B               	bsf	11,6	;volatile
   758  00D1                     l1132:
   759  00D1  158B               	bsf	11,3	;volatile
   760  00D2                     l1134:
   761  00D2  1683               	bsf	3,5	;RP0=1, select bank1
   762  00D3  1303               	bcf	3,6	;RP1=0, select bank1
   763  00D4  1416               	bsf	22,0	;volatile
   764  00D5                     l1136:
   765  00D5  1496               	bsf	22,1	;volatile
   766  00D6                     l1138:
   767  00D6  01FD               	clrf	_Display_No
   768  00D7                     l1140:
   769  00D7  087C               	movf	_Valor_ADC,w
   770  00D8  39F0               	andlw	240
   771  00D9  1283               	bcf	3,5	;RP0=0, select bank0
   772  00DA  00A3               	movwf	??_main
   773  00DB  0823               	movf	??_main,w
   774  00DC  00FB               	movwf	_Valor_ADC_n1
   775  00DD                     l1142:
   776  00DD  087C               	movf	_Valor_ADC,w
   777  00DE  390F               	andlw	15
   778  00DF  00A3               	movwf	??_main
   779  00E0  0823               	movf	??_main,w
   780  00E1  00FA               	movwf	_Valor_ADCn0
   781  00E2                     l1144:
   782  00E2  087B               	movf	_Valor_ADC_n1,w
   783  00E3  00A3               	movwf	??_main
   784  00E4  3004               	movlw	4
   785  00E5                     u85:
   786  00E5  1003               	clrc
   787  00E6  0CA3               	rrf	??_main,f
   788  00E7  3EFF               	addlw	-1
   789  00E8  1D03               	skipz
   790  00E9  28E5               	goto	u85
   791  00EA  0823               	movf	??_main,w
   792  00EB  00A4               	movwf	??_main+1
   793  00EC  0824               	movf	??_main+1,w
   794  00ED  00F9               	movwf	_Valor_ADCn1
   795  00EE                     l1146:
   796  00EE  087C               	movf	_Valor_ADC,w
   797  00EF  0208               	subwf	8,w	;volatile
   798  00F0  1803               	skipnc
   799  00F1  28F3               	goto	u91
   800  00F2  28F4               	goto	u90
   801  00F3                     u91:
   802  00F3  28F6               	goto	l97
   803  00F4                     u90:
   804  00F4                     l1148:
   805  00F4  1585               	bsf	5,3	;volatile
   806  00F5  28D7               	goto	l1140
   807  00F6                     l97:
   808  00F6  1185               	bcf	5,3	;volatile
   809  00F7  28D7               	goto	l1140
   810  00F8  120A  118A  280E   	ljmp	start
   811  00FB                     __end_of_main:
   812                           
   813                           	psect	text1
   814  0158                     __ptext1:	
   815 ;; *************** function _Osc_Config *****************
   816 ;; Defined at:
   817 ;;		line 4 in file "Oscilador_Config.c"
   818 ;; Parameters:    Size  Location     Type
   819 ;;  frec            1    wreg     unsigned char 
   820 ;; Auto vars:     Size  Location     Type
   821 ;;  frec            1    2[BANK0 ] unsigned char 
   822 ;; Return value:  Size  Location     Type
   823 ;;                  1    wreg      void 
   824 ;; Registers used:
   825 ;;		wreg, fsr0l, fsr0h, status,2, status,0
   826 ;; Tracked objects:
   827 ;;		On entry : 0/0
   828 ;;		On exit  : 0/0
   829 ;;		Unchanged: 0/0
   830 ;; Data sizes:     COMMON   BANK0   BANK1   BANK3   BANK2
   831 ;;      Params:         0       0       0       0       0
   832 ;;      Locals:         0       1       0       0       0
   833 ;;      Temps:          0       2       0       0       0
   834 ;;      Totals:         0       3       0       0       0
   835 ;;Total ram usage:        3 bytes
   836 ;; Hardware stack levels used:    1
   837 ;; Hardware stack levels required when called:    2
   838 ;; This function calls:
   839 ;;		Nothing
   840 ;; This function is called by:
   841 ;;		_main
   842 ;; This function uses a non-reentrant model
   843 ;;
   844                           
   845                           
   846                           ;psect for function _Osc_Config
   847  0158                     _Osc_Config:
   848                           
   849                           ;incstack = 0
   850                           ; Regs used in _Osc_Config: [wreg-fsr0h+status,2+status,0]
   851                           ;Osc_Config@frec stored from wreg
   852  0158  1283               	bcf	3,5	;RP0=0, select bank0
   853  0159  1303               	bcf	3,6	;RP1=0, select bank0
   854  015A  00A2               	movwf	Osc_Config@frec
   855  015B                     l1052:
   856                           
   857                           ;Oscilador_Config.c: 4: void Osc_Config(unsigned char frec);Oscilador_Config.c: 5: {;Osc
      +                          ilador_Config.c: 6:     switch(frec)
   858  015B  2986               	goto	l1054
   859  015C                     l107:	
   860                           ;Oscilador_Config.c: 7:     {;Oscilador_Config.c: 8:         case 31:
   861                           
   862                           
   863                           ;Oscilador_Config.c: 9:           OSCCONbits.IRCF0 = 0;
   864  015C  1683               	bsf	3,5	;RP0=1, select bank1
   865  015D  1303               	bcf	3,6	;RP1=0, select bank1
   866  015E  120F               	bcf	15,4	;volatile
   867                           
   868                           ;Oscilador_Config.c: 10:           OSCCONbits.IRCF1 = 0;
   869  015F  128F               	bcf	15,5	;volatile
   870                           
   871                           ;Oscilador_Config.c: 11:           OSCCONbits.IRCF2 = 0;
   872  0160  130F               	bcf	15,6	;volatile
   873                           
   874                           ;Oscilador_Config.c: 12:           break;
   875  0161  29A8               	goto	l108
   876  0162                     l109:	
   877                           ;Oscilador_Config.c: 14:         case 125:
   878                           
   879                           
   880                           ;Oscilador_Config.c: 15:           OSCCONbits.IRCF0 = 1;
   881  0162  1683               	bsf	3,5	;RP0=1, select bank1
   882  0163  1303               	bcf	3,6	;RP1=0, select bank1
   883  0164  160F               	bsf	15,4	;volatile
   884                           
   885                           ;Oscilador_Config.c: 16:           OSCCONbits.IRCF1 = 0;
   886  0165  128F               	bcf	15,5	;volatile
   887                           
   888                           ;Oscilador_Config.c: 17:           OSCCONbits.IRCF2 = 0;
   889  0166  130F               	bcf	15,6	;volatile
   890  0167                     l110:	
   891                           ;Oscilador_Config.c: 19:         case 250:
   892                           
   893                           
   894                           ;Oscilador_Config.c: 20:           OSCCONbits.IRCF0 = 0;
   895  0167  1683               	bsf	3,5	;RP0=1, select bank1
   896  0168  1303               	bcf	3,6	;RP1=0, select bank1
   897  0169  120F               	bcf	15,4	;volatile
   898                           
   899                           ;Oscilador_Config.c: 21:           OSCCONbits.IRCF1 = 1;
   900  016A  168F               	bsf	15,5	;volatile
   901                           
   902                           ;Oscilador_Config.c: 22:           OSCCONbits.IRCF2 = 0;
   903  016B  130F               	bcf	15,6	;volatile
   904  016C                     l111:	
   905                           ;Oscilador_Config.c: 24:         case 50:
   906                           
   907                           
   908                           ;Oscilador_Config.c: 25:           OSCCONbits.IRCF0 = 1;
   909  016C  1683               	bsf	3,5	;RP0=1, select bank1
   910  016D  1303               	bcf	3,6	;RP1=0, select bank1
   911  016E  160F               	bsf	15,4	;volatile
   912                           
   913                           ;Oscilador_Config.c: 26:           OSCCONbits.IRCF1 = 1;
   914  016F  168F               	bsf	15,5	;volatile
   915                           
   916                           ;Oscilador_Config.c: 27:           OSCCONbits.IRCF2 = 0;
   917  0170  130F               	bcf	15,6	;volatile
   918  0171                     l112:	
   919                           ;Oscilador_Config.c: 29:         case 1:
   920                           
   921                           
   922                           ;Oscilador_Config.c: 30:           OSCCONbits.IRCF0 = 0;
   923  0171  1683               	bsf	3,5	;RP0=1, select bank1
   924  0172  1303               	bcf	3,6	;RP1=0, select bank1
   925  0173  120F               	bcf	15,4	;volatile
   926                           
   927                           ;Oscilador_Config.c: 31:           OSCCONbits.IRCF1 = 0;
   928  0174  128F               	bcf	15,5	;volatile
   929                           
   930                           ;Oscilador_Config.c: 32:           OSCCONbits.IRCF2 = 1;
   931  0175  170F               	bsf	15,6	;volatile
   932  0176                     l113:	
   933                           ;Oscilador_Config.c: 34:         case 2:
   934                           
   935                           
   936                           ;Oscilador_Config.c: 35:           OSCCONbits.IRCF0 = 1;
   937  0176  1683               	bsf	3,5	;RP0=1, select bank1
   938  0177  1303               	bcf	3,6	;RP1=0, select bank1
   939  0178  160F               	bsf	15,4	;volatile
   940                           
   941                           ;Oscilador_Config.c: 36:           OSCCONbits.IRCF1 = 0;
   942  0179  128F               	bcf	15,5	;volatile
   943                           
   944                           ;Oscilador_Config.c: 37:           OSCCONbits.IRCF2 = 1;
   945  017A  170F               	bsf	15,6	;volatile
   946  017B                     l114:	
   947                           ;Oscilador_Config.c: 39:         case 4:
   948                           
   949                           
   950                           ;Oscilador_Config.c: 40:           OSCCONbits.IRCF0 = 0;
   951  017B  1683               	bsf	3,5	;RP0=1, select bank1
   952  017C  1303               	bcf	3,6	;RP1=0, select bank1
   953  017D  120F               	bcf	15,4	;volatile
   954                           
   955                           ;Oscilador_Config.c: 41:           OSCCONbits.IRCF1 = 1;
   956  017E  168F               	bsf	15,5	;volatile
   957                           
   958                           ;Oscilador_Config.c: 42:           OSCCONbits.IRCF2 = 1;
   959  017F  170F               	bsf	15,6	;volatile
   960  0180                     l115:	
   961                           ;Oscilador_Config.c: 44:         case 8:
   962                           
   963                           
   964                           ;Oscilador_Config.c: 45:           OSCCONbits.IRCF0 = 1;
   965  0180  1683               	bsf	3,5	;RP0=1, select bank1
   966  0181  1303               	bcf	3,6	;RP1=0, select bank1
   967  0182  160F               	bsf	15,4	;volatile
   968                           
   969                           ;Oscilador_Config.c: 46:           OSCCONbits.IRCF1 = 1;
   970  0183  168F               	bsf	15,5	;volatile
   971                           
   972                           ;Oscilador_Config.c: 47:           OSCCONbits.IRCF2 = 1;
   973  0184  170F               	bsf	15,6	;volatile
   974                           
   975                           ;Oscilador_Config.c: 48:     }
   976  0185  29A8               	goto	l108
   977  0186                     l1054:
   978  0186  0822               	movf	Osc_Config@frec,w
   979  0187  00A0               	movwf	??_Osc_Config
   980  0188  01A1               	clrf	??_Osc_Config+1
   981                           
   982                           ; Switch on 2 bytes has been partitioned into a top level switch of size 1, and 1 sub-sw
      +                          itches
   983                           ; Switch size 1, requested type "simple"
   984                           ; Number of cases is 1, Range of values is 0 to 0
   985                           ; switch strategies available:
   986                           ; Name         Instructions Cycles
   987                           ; simple_byte            4     3 (average)
   988                           ; direct_byte           11     8 (fixed)
   989                           ; jumptable            260     6 (fixed)
   990                           ;	Chosen strategy is simple_byte
   991  0189  0821               	movf	??_Osc_Config+1,w
   992  018A  3A00               	xorlw	0	; case 0
   993  018B  1903               	skipnz
   994  018C  298E               	goto	l1220
   995  018D  29A8               	goto	l108
   996  018E                     l1220:
   997                           
   998                           ; Switch size 1, requested type "simple"
   999                           ; Number of cases is 8, Range of values is 1 to 250
  1000                           ; switch strategies available:
  1001                           ; Name         Instructions Cycles
  1002                           ; simple_byte           25    13 (average)
  1003                           ; jumptable            263     9 (fixed)
  1004                           ;	Chosen strategy is simple_byte
  1005  018E  0820               	movf	??_Osc_Config,w
  1006  018F  3A01               	xorlw	1	; case 1
  1007  0190  1903               	skipnz
  1008  0191  2971               	goto	l112
  1009  0192  3A03               	xorlw	3	; case 2
  1010  0193  1903               	skipnz
  1011  0194  2976               	goto	l113
  1012  0195  3A06               	xorlw	6	; case 4
  1013  0196  1903               	skipnz
  1014  0197  297B               	goto	l114
  1015  0198  3A0C               	xorlw	12	; case 8
  1016  0199  1903               	skipnz
  1017  019A  2980               	goto	l115
  1018  019B  3A17               	xorlw	23	; case 31
  1019  019C  1903               	skipnz
  1020  019D  295C               	goto	l107
  1021  019E  3A2D               	xorlw	45	; case 50
  1022  019F  1903               	skipnz
  1023  01A0  296C               	goto	l111
  1024  01A1  3A4F               	xorlw	79	; case 125
  1025  01A2  1903               	skipnz
  1026  01A3  2962               	goto	l109
  1027  01A4  3A87               	xorlw	135	; case 250
  1028  01A5  1903               	skipnz
  1029  01A6  2967               	goto	l110
  1030  01A7  29A8               	goto	l108
  1031  01A8                     l108:
  1032                           
  1033                           ;Oscilador_Config.c: 49:     OSCCONbits.SCS = 1;
  1034  01A8  1683               	bsf	3,5	;RP0=1, select bank1
  1035  01A9  1303               	bcf	3,6	;RP1=0, select bank1
  1036  01AA  140F               	bsf	15,0	;volatile
  1037  01AB                     l116:
  1038  01AB  0008               	return
  1039  01AC                     __end_of_Osc_Config:
  1040                           
  1041                           	psect	text2
  1042  001E                     __ptext2:	
  1043 ;; *************** function _isr *****************
  1044 ;; Defined at:
  1045 ;;		line 51 in file "Lab1.c"
  1046 ;; Parameters:    Size  Location     Type
  1047 ;;		None
  1048 ;; Auto vars:     Size  Location     Type
  1049 ;;		None
  1050 ;; Return value:  Size  Location     Type
  1051 ;;                  1    wreg      void 
  1052 ;; Registers used:
  1053 ;;		wreg, fsr0l, fsr0h, status,2, status,0, pclath, cstack
  1054 ;; Tracked objects:
  1055 ;;		On entry : 0/0
  1056 ;;		On exit  : 0/0
  1057 ;;		Unchanged: 0/0
  1058 ;; Data sizes:     COMMON   BANK0   BANK1   BANK3   BANK2
  1059 ;;      Params:         0       0       0       0       0
  1060 ;;      Locals:         0       0       0       0       0
  1061 ;;      Temps:          5       0       0       0       0
  1062 ;;      Totals:         5       0       0       0       0
  1063 ;;Total ram usage:        5 bytes
  1064 ;; Hardware stack levels used:    1
  1065 ;; Hardware stack levels required when called:    1
  1066 ;; This function calls:
  1067 ;;		_ADCVal
  1068 ;;		_Tabla7Seg
  1069 ;; This function is called by:
  1070 ;;		Interrupt level 1
  1071 ;; This function uses a non-reentrant model
  1072 ;;
  1073                           
  1074                           
  1075                           ;psect for function _isr
  1076  001E                     _isr:
  1077  001E                     i1l856:
  1078                           
  1079                           ;Lab1.c: 55:     {
  1080  001E  1D0B               	btfss	11,2	;volatile
  1081  001F  2821               	goto	u1_21
  1082  0020  2822               	goto	u1_20
  1083  0021                     u1_21:
  1084  0021  2855               	goto	i1l81
  1085  0022                     u1_20:
  1086  0022                     i1l858:
  1087                           
  1088                           ;Lab1.c: 56:         if (PORTBbits.RB0 == 0);Lab1.c: 57:         {
  1089  0022  3064               	movlw	100
  1090  0023  1283               	bcf	3,5	;RP0=0, select bank0
  1091  0024  1303               	bcf	3,6	;RP1=0, select bank0
  1092  0025  0081               	movwf	1	;volatile
  1093  0026                     i1l860:
  1094                           
  1095                           ;Lab1.c: 58:             PORTEbits.RE0=1;
  1096  0026  110B               	bcf	11,2	;volatile
  1097  0027                     i1l862:
  1098                           
  1099                           ;Lab1.c: 59:             PORTD = PORTD+1;
  1100  0027  1085               	bcf	5,1	;volatile
  1101  0028                     i1l864:
  1102                           
  1103                           ;Lab1.c: 60:         }
  1104  0028  1105               	bcf	5,2	;volatile
  1105                           
  1106                           ;Lab1.c: 62:         {
  1107  0029  2845               	goto	i1l876
  1108  002A                     i1l83:	
  1109                           ;Lab1.c: 63:             PORTD = PORTD-1;;Lab1.c: 64:         }
  1110                           
  1111                           
  1112                           ;Lab1.c: 65:         INTCONbits.RBIF = 0;
  1113  002A  1485               	bsf	5,1	;volatile
  1114                           
  1115                           ;Lab1.c: 66:     }
  1116  002B  1105               	bcf	5,2	;volatile
  1117  002C                     i1l866:
  1118                           
  1119                           ;Lab1.c: 67: }
  1120  002C  0879               	movf	_Valor_ADCn1,w
  1121  002D  120A  118A  20FB  120A  118A  	fcall	_Tabla7Seg
  1122  0032  1283               	bcf	3,5	;RP0=0, select bank0
  1123  0033  1303               	bcf	3,6	;RP1=0, select bank0
  1124  0034  0087               	movwf	7	;volatile
  1125  0035                     i1l868:
  1126                           
  1127                           ;Lab1.c: 68: 
  1128  0035  01FD               	clrf	_Display_No
  1129  0036  0AFD               	incf	_Display_No,f
  1130                           
  1131                           ;Lab1.c: 69: void main(void) {
  1132  0037  2855               	goto	i1l81
  1133  0038                     i1l85:	
  1134                           ;Lab1.c: 70: 
  1135                           
  1136                           
  1137                           ;Lab1.c: 71: 
  1138  0038  1085               	bcf	5,1	;volatile
  1139                           
  1140                           ;Lab1.c: 72:     Osc_Config (1);
  1141  0039  1505               	bsf	5,2	;volatile
  1142  003A                     i1l870:
  1143                           
  1144                           ;Lab1.c: 73: 
  1145  003A  087A               	movf	_Valor_ADCn0,w
  1146  003B  120A  118A  20FB  120A  118A  	fcall	_Tabla7Seg
  1147  0040  1283               	bcf	3,5	;RP0=0, select bank0
  1148  0041  1303               	bcf	3,6	;RP1=0, select bank0
  1149  0042  0087               	movwf	7	;volatile
  1150  0043                     i1l872:
  1151                           
  1152                           ;Lab1.c: 74:     ANSEL = 1;
  1153  0043  01FD               	clrf	_Display_No
  1154                           
  1155                           ;Lab1.c: 75:     ANSELH = 0;
  1156  0044  2855               	goto	i1l81
  1157  0045                     i1l876:
  1158  0045  087D               	movf	_Display_No,w
  1159  0046  00F3               	movwf	??_isr
  1160  0047  01F4               	clrf	??_isr+1
  1161                           
  1162                           ; Switch on 2 bytes has been partitioned into a top level switch of size 1, and 1 sub-sw
      +                          itches
  1163                           ; Switch size 1, requested type "simple"
  1164                           ; Number of cases is 1, Range of values is 0 to 0
  1165                           ; switch strategies available:
  1166                           ; Name         Instructions Cycles
  1167                           ; simple_byte            4     3 (average)
  1168                           ; direct_byte           11     8 (fixed)
  1169                           ; jumptable            260     6 (fixed)
  1170                           ;	Chosen strategy is simple_byte
  1171  0048  0874               	movf	??_isr+1,w
  1172  0049  3A00               	xorlw	0	; case 0
  1173  004A  1903               	skipnz
  1174  004B  284D               	goto	i1l1222
  1175  004C  2855               	goto	i1l81
  1176  004D                     i1l1222:
  1177                           
  1178                           ; Switch size 1, requested type "simple"
  1179                           ; Number of cases is 2, Range of values is 0 to 1
  1180                           ; switch strategies available:
  1181                           ; Name         Instructions Cycles
  1182                           ; simple_byte            7     4 (average)
  1183                           ; direct_byte           14     8 (fixed)
  1184                           ; jumptable            260     6 (fixed)
  1185                           ;	Chosen strategy is simple_byte
  1186  004D  0873               	movf	??_isr,w
  1187  004E  3A00               	xorlw	0	; case 0
  1188  004F  1903               	skipnz
  1189  0050  282A               	goto	i1l83
  1190  0051  3A01               	xorlw	1	; case 1
  1191  0052  1903               	skipnz
  1192  0053  2838               	goto	i1l85
  1193  0054  2855               	goto	i1l81
  1194  0055                     i1l81:	
  1195                           ;Lab1.c: 77:     TRISA = 0;
  1196                           
  1197                           
  1198                           ;Lab1.c: 79:     TRISC = 0;
  1199  0055  1283               	bcf	3,5	;RP0=0, select bank0
  1200  0056  1303               	bcf	3,6	;RP1=0, select bank0
  1201  0057  1F0C               	btfss	12,6	;volatile
  1202  0058  285A               	goto	u2_21
  1203  0059  285B               	goto	u2_20
  1204  005A                     u2_21:
  1205  005A  2872               	goto	i1l888
  1206  005B                     u2_20:
  1207  005B                     i1l878:
  1208                           
  1209                           ;Lab1.c: 80:     TRISD = 0;;Lab1.c: 81:     TRISE = 0;
  1210  005B  3003               	movlw	3
  1211  005C  00F3               	movwf	??_isr
  1212  005D                     u11_27:
  1213  005D  0BF3               	decfsz	??_isr,f
  1214  005E  285D               	goto	u11_27
  1215  005F  2860               	nop2
  1216  0060                     i1l880:
  1217                           
  1218                           ;Lab1.c: 82:     PORTA = 0;
  1219  0060  3008               	movlw	8
  1220  0061  120A  118A  21AC  120A  118A  	fcall	_ADCVal
  1221  0066  00F3               	movwf	??_isr
  1222  0067  0873               	movf	??_isr,w
  1223  0068  00FC               	movwf	_Valor_ADC
  1224  0069                     i1l882:
  1225                           
  1226                           ;Lab1.c: 83:     PORTB = 0;
  1227  0069  3003               	movlw	3
  1228  006A  00F3               	movwf	??_isr
  1229  006B                     u12_27:
  1230  006B  0BF3               	decfsz	??_isr,f
  1231  006C  286B               	goto	u12_27
  1232  006D  286E               	nop2
  1233  006E                     i1l884:
  1234                           
  1235                           ;Lab1.c: 84:     PORTC = 0;
  1236  006E  1283               	bcf	3,5	;RP0=0, select bank0
  1237  006F  1303               	bcf	3,6	;RP1=0, select bank0
  1238  0070  130C               	bcf	12,6	;volatile
  1239  0071                     i1l886:
  1240                           
  1241                           ;Lab1.c: 85:     PORTD = 0;
  1242  0071  149F               	bsf	31,1	;volatile
  1243  0072                     i1l888:
  1244                           
  1245                           ;Lab1.c: 88:     WPUBbits.WPUB0 = 1;
  1246  0072  1C0B               	btfss	11,0	;volatile
  1247  0073  2875               	goto	u3_21
  1248  0074  2876               	goto	u3_20
  1249  0075                     u3_21:
  1250  0075  2887               	goto	i1l91
  1251  0076                     u3_20:
  1252  0076                     i1l890:
  1253                           
  1254                           ;Lab1.c: 89:     WPUBbits.WPUB1 = 1;;Lab1.c: 90: 
  1255  0076  1806               	btfsc	6,0	;volatile
  1256  0077  2879               	goto	u4_21
  1257  0078  287A               	goto	u4_20
  1258  0079                     u4_21:
  1259  0079  287F               	goto	i1l88
  1260  007A                     u4_20:
  1261  007A                     i1l892:
  1262                           
  1263                           ;Lab1.c: 91:     ADCON0bits.ADCS = 0;;Lab1.c: 92:     ADCON0bits.CHS0 = 0;
  1264  007A  1409               	bsf	9,0	;volatile
  1265  007B                     i1l894:
  1266                           
  1267                           ;Lab1.c: 93:     ADCON0bits.ADON = 1;
  1268  007B  0808               	movf	8,w	;volatile
  1269  007C  3E01               	addlw	1
  1270  007D  0088               	movwf	8	;volatile
  1271                           
  1272                           ;Lab1.c: 94:     _delay((unsigned long)((50)*(1000000/4000000.0)));
  1273  007E  2886               	goto	i1l898
  1274  007F                     i1l88:	
  1275                           ;Lab1.c: 95:     ADCON0bits.GO = 1;
  1276                           
  1277  007F  1886               	btfsc	6,1	;volatile
  1278  0080  2882               	goto	u5_21
  1279  0081  2883               	goto	u5_20
  1280  0082                     u5_21:
  1281  0082  2886               	goto	i1l898
  1282  0083                     u5_20:
  1283  0083                     i1l896:
  1284                           
  1285                           ;Lab1.c: 96:     ADCON1bits.VCFG1 = 0;;Lab1.c: 97:     ADCON1bits.VCFG0 = 0;
  1286  0083  0808               	movf	8,w	;volatile
  1287  0084  3EFF               	addlw	255
  1288  0085  0088               	movwf	8	;volatile
  1289  0086                     i1l898:
  1290                           
  1291                           ;Lab1.c: 99: 
  1292  0086  100B               	bcf	11,0	;volatile
  1293  0087                     i1l91:
  1294  0087  0877               	movf	??_isr+4,w
  1295  0088  008A               	movwf	10
  1296  0089  0876               	movf	??_isr+3,w
  1297  008A  0084               	movwf	4
  1298  008B  0E75               	swapf	??_isr+2,w
  1299  008C  0083               	movwf	3
  1300  008D  0EFE               	swapf	btemp,f
  1301  008E  0E7E               	swapf	btemp,w
  1302  008F  0009               	retfie
  1303  0090                     __end_of_isr:
  1304                           
  1305                           	psect	intentry
  1306  0004                     __pintentry:	
  1307                           ;incstack = 0
  1308                           ; Regs used in _isr: [wreg-fsr0h+status,2+status,0+pclath+cstack]
  1309                           
  1310  0004                     interrupt_function:
  1311  007E                     saved_w	set	btemp
  1312  0004  00FE               	movwf	btemp
  1313  0005  0E03               	swapf	3,w
  1314  0006  00F5               	movwf	??_isr+2
  1315  0007  0804               	movf	4,w
  1316  0008  00F6               	movwf	??_isr+3
  1317  0009  080A               	movf	10,w
  1318  000A  00F7               	movwf	??_isr+4
  1319  000B  120A  118A  281E   	ljmp	_isr
  1320                           
  1321                           	psect	text3
  1322  00FB                     __ptext3:	
  1323 ;; *************** function _Tabla7Seg *****************
  1324 ;; Defined at:
  1325 ;;		line 4 in file "7Seg.c"
  1326 ;; Parameters:    Size  Location     Type
  1327 ;;  numero          1    wreg     unsigned char 
  1328 ;; Auto vars:     Size  Location     Type
  1329 ;;  numero          1    2[COMMON] unsigned char 
  1330 ;; Return value:  Size  Location     Type
  1331 ;;                  1    wreg      unsigned char 
  1332 ;; Registers used:
  1333 ;;		wreg, fsr0l, fsr0h, status,2, status,0
  1334 ;; Tracked objects:
  1335 ;;		On entry : 0/0
  1336 ;;		On exit  : 0/0
  1337 ;;		Unchanged: 0/0
  1338 ;; Data sizes:     COMMON   BANK0   BANK1   BANK3   BANK2
  1339 ;;      Params:         0       0       0       0       0
  1340 ;;      Locals:         1       0       0       0       0
  1341 ;;      Temps:          2       0       0       0       0
  1342 ;;      Totals:         3       0       0       0       0
  1343 ;;Total ram usage:        3 bytes
  1344 ;; Hardware stack levels used:    1
  1345 ;; This function calls:
  1346 ;;		Nothing
  1347 ;; This function is called by:
  1348 ;;		_isr
  1349 ;; This function uses a non-reentrant model
  1350 ;;
  1351                           
  1352                           
  1353                           ;psect for function _Tabla7Seg
  1354  00FB                     _Tabla7Seg:
  1355                           
  1356                           ;incstack = 0
  1357                           ; Regs used in _Tabla7Seg: [wreg-fsr0h+status,2+status,0]
  1358                           ;Tabla7Seg@numero stored from wreg
  1359  00FB  00F2               	movwf	Tabla7Seg@numero
  1360  00FC                     i1l736:
  1361  00FC  291D               	goto	i1l836
  1362  00FD                     i1l738:
  1363  00FD  303F               	movlw	63
  1364  00FE  2957               	goto	i1l121
  1365  00FF                     i1l744:
  1366  00FF  3006               	movlw	6
  1367  0100  2957               	goto	i1l121
  1368  0101                     i1l750:
  1369  0101  305B               	movlw	91
  1370  0102  2957               	goto	i1l121
  1371  0103                     i1l756:
  1372  0103  304F               	movlw	79
  1373  0104  2957               	goto	i1l121
  1374  0105                     i1l762:
  1375  0105  3066               	movlw	102
  1376  0106  2957               	goto	i1l121
  1377  0107                     i1l768:
  1378  0107  306D               	movlw	109
  1379  0108  2957               	goto	i1l121
  1380  0109                     i1l774:
  1381  0109  307D               	movlw	125
  1382  010A  2957               	goto	i1l121
  1383  010B                     i1l780:
  1384  010B  3007               	movlw	7
  1385  010C  2957               	goto	i1l121
  1386  010D                     i1l786:
  1387  010D  307F               	movlw	127
  1388  010E  2957               	goto	i1l121
  1389  010F                     i1l792:
  1390  010F  306F               	movlw	111
  1391  0110  2957               	goto	i1l121
  1392  0111                     i1l798:
  1393  0111  3077               	movlw	119
  1394  0112  2957               	goto	i1l121
  1395  0113                     i1l804:
  1396  0113  307C               	movlw	124
  1397  0114  2957               	goto	i1l121
  1398  0115                     i1l810:
  1399  0115  3039               	movlw	57
  1400  0116  2957               	goto	i1l121
  1401  0117                     i1l816:
  1402  0117  305E               	movlw	94
  1403  0118  2957               	goto	i1l121
  1404  0119                     i1l822:
  1405  0119  3079               	movlw	121
  1406  011A  2957               	goto	i1l121
  1407  011B                     i1l828:
  1408  011B  3071               	movlw	113
  1409  011C  2957               	goto	i1l121
  1410  011D                     i1l836:
  1411  011D  0872               	movf	Tabla7Seg@numero,w
  1412  011E  00F0               	movwf	??_Tabla7Seg
  1413  011F  01F1               	clrf	??_Tabla7Seg+1
  1414                           
  1415                           ; Switch on 2 bytes has been partitioned into a top level switch of size 1, and 1 sub-sw
      +                          itches
  1416                           ; Switch size 1, requested type "simple"
  1417                           ; Number of cases is 1, Range of values is 0 to 0
  1418                           ; switch strategies available:
  1419                           ; Name         Instructions Cycles
  1420                           ; simple_byte            4     3 (average)
  1421                           ; direct_byte           11     8 (fixed)
  1422                           ; jumptable            260     6 (fixed)
  1423                           ;	Chosen strategy is simple_byte
  1424  0120  0871               	movf	??_Tabla7Seg+1,w
  1425  0121  3A00               	xorlw	0	; case 0
  1426  0122  1903               	skipnz
  1427  0123  2925               	goto	i1l1224
  1428  0124  2957               	goto	i1l121
  1429  0125                     i1l1224:
  1430                           
  1431                           ; Switch size 1, requested type "simple"
  1432                           ; Number of cases is 16, Range of values is 0 to 15
  1433                           ; switch strategies available:
  1434                           ; Name         Instructions Cycles
  1435                           ; simple_byte           49    25 (average)
  1436                           ; direct_byte           56     8 (fixed)
  1437                           ; jumptable            260     6 (fixed)
  1438                           ;	Chosen strategy is simple_byte
  1439  0125  0870               	movf	??_Tabla7Seg,w
  1440  0126  3A00               	xorlw	0	; case 0
  1441  0127  1903               	skipnz
  1442  0128  28FD               	goto	i1l738
  1443  0129  3A01               	xorlw	1	; case 1
  1444  012A  1903               	skipnz
  1445  012B  28FF               	goto	i1l744
  1446  012C  3A03               	xorlw	3	; case 2
  1447  012D  1903               	skipnz
  1448  012E  2901               	goto	i1l750
  1449  012F  3A01               	xorlw	1	; case 3
  1450  0130  1903               	skipnz
  1451  0131  2903               	goto	i1l756
  1452  0132  3A07               	xorlw	7	; case 4
  1453  0133  1903               	skipnz
  1454  0134  2905               	goto	i1l762
  1455  0135  3A01               	xorlw	1	; case 5
  1456  0136  1903               	skipnz
  1457  0137  2907               	goto	i1l768
  1458  0138  3A03               	xorlw	3	; case 6
  1459  0139  1903               	skipnz
  1460  013A  2909               	goto	i1l774
  1461  013B  3A01               	xorlw	1	; case 7
  1462  013C  1903               	skipnz
  1463  013D  290B               	goto	i1l780
  1464  013E  3A0F               	xorlw	15	; case 8
  1465  013F  1903               	skipnz
  1466  0140  290D               	goto	i1l786
  1467  0141  3A01               	xorlw	1	; case 9
  1468  0142  1903               	skipnz
  1469  0143  290F               	goto	i1l792
  1470  0144  3A03               	xorlw	3	; case 10
  1471  0145  1903               	skipnz
  1472  0146  2911               	goto	i1l798
  1473  0147  3A01               	xorlw	1	; case 11
  1474  0148  1903               	skipnz
  1475  0149  2913               	goto	i1l804
  1476  014A  3A07               	xorlw	7	; case 12
  1477  014B  1903               	skipnz
  1478  014C  2915               	goto	i1l810
  1479  014D  3A01               	xorlw	1	; case 13
  1480  014E  1903               	skipnz
  1481  014F  2917               	goto	i1l816
  1482  0150  3A03               	xorlw	3	; case 14
  1483  0151  1903               	skipnz
  1484  0152  2919               	goto	i1l822
  1485  0153  3A01               	xorlw	1	; case 15
  1486  0154  1903               	skipnz
  1487  0155  291B               	goto	i1l828
  1488  0156  2957               	goto	i1l121
  1489  0157                     i1l121:
  1490  0157  0008               	return
  1491  0158                     __end_of_Tabla7Seg:
  1492                           
  1493                           	psect	text4
  1494  01AC                     __ptext4:	
  1495 ;; *************** function _ADCVal *****************
  1496 ;; Defined at:
  1497 ;;		line 4 in file "ADConverter.c"
  1498 ;; Parameters:    Size  Location     Type
  1499 ;;  canal           1    wreg     unsigned char 
  1500 ;; Auto vars:     Size  Location     Type
  1501 ;;  canal           1    1[COMMON] unsigned char 
  1502 ;; Return value:  Size  Location     Type
  1503 ;;                  1    wreg      unsigned char 
  1504 ;; Registers used:
  1505 ;;		wreg, status,2, status,0
  1506 ;; Tracked objects:
  1507 ;;		On entry : 0/0
  1508 ;;		On exit  : 0/0
  1509 ;;		Unchanged: 0/0
  1510 ;; Data sizes:     COMMON   BANK0   BANK1   BANK3   BANK2
  1511 ;;      Params:         0       0       0       0       0
  1512 ;;      Locals:         1       0       0       0       0
  1513 ;;      Temps:          1       0       0       0       0
  1514 ;;      Totals:         2       0       0       0       0
  1515 ;;Total ram usage:        2 bytes
  1516 ;; Hardware stack levels used:    1
  1517 ;; This function calls:
  1518 ;;		Nothing
  1519 ;; This function is called by:
  1520 ;;		_isr
  1521 ;; This function uses a non-reentrant model
  1522 ;;
  1523                           
  1524                           
  1525                           ;psect for function _ADCVal
  1526  01AC                     _ADCVal:
  1527                           
  1528                           ;incstack = 0
  1529                           ; Regs used in _ADCVal: [wreg+status,2+status,0]
  1530                           ;ADCVal@canal stored from wreg
  1531  01AC  00F1               	movwf	ADCVal@canal
  1532  01AD                     i1l842:
  1533                           
  1534                           ;ADConverter.c: 4: unsigned char ADCVal (unsigned char canal);ADConverter.c: 5: {;ADConv
      +                          erter.c: 6:     ADCON0bits.CHS = canal;
  1535  01AD  0871               	movf	ADCVal@canal,w
  1536  01AE  00F0               	movwf	??_ADCVal
  1537  01AF  0DF0               	rlf	??_ADCVal,f
  1538  01B0  0DF0               	rlf	??_ADCVal,f
  1539  01B1  1283               	bcf	3,5	;RP0=0, select bank0
  1540  01B2  1303               	bcf	3,6	;RP1=0, select bank0
  1541  01B3  081F               	movf	31,w	;volatile
  1542  01B4  0670               	xorwf	??_ADCVal,w
  1543  01B5  39C3               	andlw	-61
  1544  01B6  0670               	xorwf	??_ADCVal,w
  1545  01B7  009F               	movwf	31	;volatile
  1546  01B8                     i1l844:
  1547                           
  1548                           ;ADConverter.c: 9:     return (ADRESH);
  1549  01B8  081E               	movf	30,w	;volatile
  1550  01B9                     i1l144:
  1551  01B9  0008               	return
  1552  01BA                     __end_of_ADCVal:
  1553  007E                     btemp	set	126	;btemp
  1554  007E                     wtemp0	set	126
  1555                           
  1556                           	psect	config
  1557                           
  1558                           ;Config register CONFIG1 @ 0x2007
  1559                           ;	Oscillator Selection bits
  1560                           ;	FOSC = INTRC_NOCLKOUT, INTOSCIO oscillator: I/O function on RA6/OSC2/CLKOUT pin, I/O f
      +                          unction on RA7/OSC1/CLKIN
  1561                           ;	Watchdog Timer Enable bit
  1562                           ;	WDTE = OFF, WDT disabled and can be enabled by SWDTEN bit of the WDTCON register
  1563                           ;	Power-up Timer Enable bit
  1564                           ;	PWRTE = OFF, PWRT disabled
  1565                           ;	RE3/MCLR pin function select bit
  1566                           ;	MCLRE = OFF, RE3/MCLR pin function is digital input, MCLR internally tied to VDD
  1567                           ;	Code Protection bit
  1568                           ;	CP = OFF, Program memory code protection is disabled
  1569                           ;	Data Code Protection bit
  1570                           ;	CPD = OFF, Data memory code protection is disabled
  1571                           ;	Brown Out Reset Selection bits
  1572                           ;	BOREN = OFF, BOR disabled
  1573                           ;	Internal External Switchover bit
  1574                           ;	IESO = OFF, Internal/External Switchover mode is disabled
  1575                           ;	Fail-Safe Clock Monitor Enabled bit
  1576                           ;	FCMEN = OFF, Fail-Safe Clock Monitor is disabled
  1577                           ;	Low Voltage Programming Enable bit
  1578                           ;	LVP = OFF, RB3 pin has digital I/O, HV on MCLR must be used for programming
  1579                           ;	In-Circuit Debugger Mode bit
  1580                           ;	DEBUG = 0x1, unprogrammed default
  1581  2007                     	org	8199
  1582  2007  20D4               	dw	8404
  1583                           
  1584                           ;Config register CONFIG2 @ 0x2008
  1585                           ;	Brown-out Reset Selection bit
  1586                           ;	BOR4V = BOR40V, Brown-out Reset set to 4.0V
  1587                           ;	Flash Program Memory Self Write Enable bits
  1588                           ;	WRT = OFF, Write protection off
  1589  2008                     	org	8200
  1590  2008  3FFF               	dw	16383

Data Sizes:
    Strings     0
    Constant    0
    Data        0
    BSS         7
    Persistent  0
    Stack       0

Auto Spaces:
    Space          Size  Autos    Used
    COMMON           14      8      14
    BANK0            80      5       6
    BANK1            80      0       0
    BANK3            96      0       0
    BANK2            96      0       0

Pointer List with Targets:

    None.

Critical Paths under _main in COMMON

    None.

Critical Paths under _isr in COMMON

    _isr->_Tabla7Seg

Critical Paths under _main in BANK0

    _main->_Osc_Config

Critical Paths under _isr in BANK0

    None.

Critical Paths under _main in BANK1

    None.

Critical Paths under _isr in BANK1

    None.

Critical Paths under _main in BANK3

    None.

Critical Paths under _isr in BANK3

    None.

Critical Paths under _main in BANK2

    None.

Critical Paths under _isr in BANK2

    None.

Call Graph Tables:

 ---------------------------------------------------------------------------------
 (Depth) Function   	        Calls       Base Space   Used Autos Params    Refs
 ---------------------------------------------------------------------------------
 (0) _main                                                 2     2      0      22
                                              3 BANK0      2     2      0
                         _Osc_Config
 ---------------------------------------------------------------------------------
 (1) _Osc_Config                                           3     3      0      22
                                              0 BANK0      3     3      0
 ---------------------------------------------------------------------------------
 Estimated maximum stack depth 1
 ---------------------------------------------------------------------------------
 (Depth) Function   	        Calls       Base Space   Used Autos Params    Refs
 ---------------------------------------------------------------------------------
 (2) _isr                                                  5     5      0      30
                                              3 COMMON     5     5      0
                             _ADCVal
                          _Tabla7Seg
 ---------------------------------------------------------------------------------
 (3) _Tabla7Seg                                            3     3      0      15
                                              0 COMMON     3     3      0
 ---------------------------------------------------------------------------------
 (3) _ADCVal                                               2     2      0      15
                                              0 COMMON     2     2      0
 ---------------------------------------------------------------------------------
 Estimated maximum stack depth 3
 ---------------------------------------------------------------------------------

 Call Graph Graphs:

 _main (ROOT)
   _Osc_Config

 _isr (ROOT)
   _ADCVal
   _Tabla7Seg

 Address spaces:
Name               Size   Autos  Total    Cost      Usage
BITCOMMON            E      0       0       0        0.0%
EEDATA             100      0       0       0        0.0%
NULL                 0      0       0       0        0.0%
CODE                 0      0       0       0        0.0%
COMMON               E      8       E       1      100.0%
BITSFR0              0      0       0       1        0.0%
SFR0                 0      0       0       1        0.0%
BITSFR1              0      0       0       2        0.0%
SFR1                 0      0       0       2        0.0%
STACK                0      0       0       2        0.0%
ABS                  0      0      14       3        0.0%
BITBANK0            50      0       0       4        0.0%
BITSFR3              0      0       0       4        0.0%
SFR3                 0      0       0       4        0.0%
BANK0               50      5       6       5        7.5%
BITSFR2              0      0       0       5        0.0%
SFR2                 0      0       0       5        0.0%
BITBANK1            50      0       0       6        0.0%
BANK1               50      0       0       7        0.0%
BITBANK3            60      0       0       8        0.0%
BANK3               60      0       0       9        0.0%
BITBANK2            60      0       0      10        0.0%
BANK2               60      0       0      11        0.0%
DATA                 0      0      14      12        0.0%


Microchip Technology PIC Macro Assembler V2.31 build 20201012212115 
Symbol Table                                                                                   Wed Jul 21 09:43:00 2021

                     l97 00F6                       u90 00F4                       u91 00F3  
                     u85 00E5                      l110 0167                      l111 016C  
                    l112 0171                      l113 0176                      l114 017B  
                    l115 0180                      l107 015C                      l116 01AB  
                    l108 01A8                      l109 0162                      u107 00BA  
                    _isr 001E                      fsr0 0004                     l1100 00B5  
                   l1110 00C3                     l1102 00B6                     l1120 00C8  
                   l1112 00C4                     l1104 00BC                     l1130 00D0  
                   l1122 00C9                     l1114 00C5                     l1106 00BF  
                   l1220 018E                     l1052 015B                     l1140 00D7  
                   l1132 00D1                     l1124 00CD                     l1116 00C6  
                   l1108 00C2                     l1054 0186                     l1142 00DD  
                   l1134 00D2                     l1126 00CE                     l1118 00C7  
                   l1070 009C                     l1062 0090                     l1144 00E2  
                   l1136 00D5                     l1128 00CF                     l1080 00A4  
                   l1072 009F                     l1064 0096                     l1146 00EE  
                   l1138 00D6                     l1090 00AB                     l1082 00A7  
                   l1074 00A1                     l1066 009A                     l1148 00F4  
                   l1092 00AE                     l1084 00A8                     l1076 00A2  
                   l1068 009B                     l1094 00AF                     l1086 00A9  
                   l1078 00A3                     l1096 00B0                     l1088 00AA  
                   l1098 00B4                     _ADIF 0066                     ?_isr 0070  
                   _T0IF 005A                     _RBIF 0058                     i1l81 0055  
                   i1l91 0087                     i1l83 002A                     i1l85 0038  
                   i1l88 007F                     _TMR0 0001                     u1_20 0022  
                   u1_21 0021                     u2_20 005B                     u2_21 005A  
                   u3_20 0076                     u3_21 0075                     u4_20 007A  
                   u4_21 0079                     u5_20 0083                     u5_21 0082  
                   _main 0090                     btemp 007E                     start 000E  
                  ??_isr 0073                    ?_main 0070                    _ANSEL 0188  
                  i1l121 0157                    i1l144 01B9                    i1l810 0115  
                  i1l804 0113                    i1l822 0119                    i1l750 0101  
                  i1l816 0117                    i1l744 00FF                    i1l736 00FC  
                  i1l842 01AD                    i1l762 0105                    i1l738 00FD  
                  i1l844 01B8                    i1l828 011B                    i1l780 010B  
                  i1l756 0103                    i1l836 011D                    i1l860 0026  
                  i1l774 0109                    i1l870 003A                    i1l862 0027  
                  i1l792 010F                    i1l768 0107                    i1l880 0060  
                  i1l872 0043                    i1l864 0028                    i1l856 001E  
                  i1l786 010D                    i1l890 0076                    i1l882 0069  
                  i1l866 002C                    i1l858 0022                    i1l892 007A  
                  i1l884 006E                    i1l868 0035                    i1l876 0045  
                  i1l798 0111                    i1l894 007B                    i1l886 0071  
                  i1l878 005B                    i1l896 0083                    i1l888 0072  
                  i1l898 0086                    u11_27 005D                    u12_27 006B  
                  _PORTA 0005                    _PORTB 0006                    _PORTC 0007  
                  _PORTD 0008                    _PORTE 0009                    _TRISA 0085  
                  _TRISB 0086                    _TRISC 0087                    _TRISD 0088  
                  _TRISE 0089               _Display_No 007D          Tabla7Seg@numero 0072  
                  pclath 000A                    status 0003                    wtemp0 007E  
        __initialization 0011             __end_of_main 00FB                   ??_main 0023  
             _Osc_Config 0158                   _ADRESH 001E                   _ADCVal 01AC  
                 _ANSELH 0189                   i1l1222 004D                   i1l1224 0125  
     __size_of_Tabla7Seg 005D                   saved_w 007E  __end_of__initialization 001A  
         __pcstackCOMMON 0070        __end_of_Tabla7Seg 0158           _OPTION_REGbits 0081  
            ?_Osc_Config 0070                  ?_ADCVal 0070               __pbssBANK0 0025  
             __pmaintext 0090               __pintentry 0004                  _RB0_old 0078  
                _RB1_old 0025          __size_of_ADCVal 000E              _Valor_ADCn0 007A  
            _Valor_ADCn1 0079      __size_of_Osc_Config 0054                  __ptext1 0158  
                __ptext2 001E                  __ptext3 00FB                  __ptext4 01AC  
           __size_of_isr 0072     end_of_initialization 001A                _PORTAbits 0005  
              _PORTBbits 0006                _PORTEbits 0009           __end_of_ADCVal 01BA  
    start_initialization 0011             ??_Osc_Config 0020              __end_of_isr 0090  
              _Tabla7Seg 00FB                 ??_ADCVal 0070                _Valor_ADC 007C  
     __end_of_Osc_Config 01AC              __pbssCOMMON 0078                ___latbits 0002  
          __pcstackBANK0 0020               ?_Tabla7Seg 0070              ADCVal@canal 0071  
      interrupt_function 0004                 _IOCBbits 0096                 _PIR1bits 000C  
             _ADCON0bits 001F               _ADCON1bits 009F                 _WPUBbits 0095  
            ??_Tabla7Seg 0070             _Valor_ADC_n1 007B               _ANSELHbits 0189  
          __size_of_main 006B           Osc_Config@frec 0022               _INTCONbits 000B  
               intlevel1 0000               _OSCCONbits 008F  
